<?xml version="1.0" encoding="utf-8"?><testsuite errors="0" failures="0" name="sphinx-gallery" skipped="0" tests="1" time="951.0791280269623"><testcase classname="tutorial_dqva_mis" file="demonstrations\tutorial_dqva_mis.py" line="1" name="Dynamic Quantum Variational Ansatz (DQVA) for Combinatorial Optimization" time="951.0791280269623"></testcase></testsuite>