<?xml version="1.0" encoding="utf-8"?><testsuite errors="0" failures="0" name="sphinx-gallery" skipped="0" tests="1" time="1260.4584031105042"><testcase classname="tutorial_equivariant_learning" file="demonstrations\tutorial_equivariant_learning.py" line="1" name="Introduction to Equivariant Learning" time="1260.4584031105042"></testcase></testsuite>