<?xml version="1.0" encoding="utf-8"?><testsuite errors="0" failures="0" name="sphinx-gallery" skipped="0" tests="1" time="1063.1033337116241"><testcase classname="tutorial_dqva_mis" file="demonstrations\tutorial_dqva_mis.py" line="1" name="Solving MIS with the QAO-Ansatz and the DQVA" time="1063.1033337116241"></testcase></testsuite>