<?xml version="1.0" encoding="utf-8"?><testsuite errors="0" failures="0" name="sphinx-gallery" skipped="0" tests="1" time="5.078315734863281e-05"><testcase classname="tutorial_tkt" file="demonstrations/tutorial_tkt.py" line="1" name="Carnival" time="5.078315734863281e-05"></testcase></testsuite>