<?xml version="1.0" encoding="utf-8"?><testsuite errors="0" failures="0" name="sphinx-gallery" skipped="0" tests="1" time="1241.0064651966095"><testcase classname="tutorial_equivariant_learning" file="demonstrations\tutorial_equivariant_learning.py" line="1" name="Introduction to Equivariant Learning" time="1241.0064651966095"></testcase></testsuite>