<?xml version="1.0" encoding="utf-8"?><testsuite errors="0" failures="0" name="sphinx-gallery" skipped="0" tests="1" time="0.22729969024658203"><testcase classname="tutorial_sc_qubits" file="demonstrations\tutorial_sc_qubits.py" line="1" name="Quantum Computing with Superconducting qubits" time="0.22729969024658203"></testcase></testsuite>