<?xml version="1.0" encoding="utf-8"?><testsuite errors="0" failures="0" name="sphinx-gallery" skipped="0" tests="1" time="2194.795823574066"><testcase classname="tutorial_equivarient_learning" file="demonstrations\tutorial_equivarient_learning.py" line="1" name="Introduction to Equivarient Learning" time="2194.795823574066"></testcase></testsuite>