<?xml version="1.0" encoding="utf-8"?><testsuite errors="0" failures="0" name="sphinx-gallery" skipped="0" tests="1" time="314.02274346351624"><testcase classname="tutorial_quantum_circuit_cutting" file="demonstrations/tutorial_quantum_circuit_cutting.py" line="1" name="Quantum Circuit Cutting" time="314.02274346351624"></testcase></testsuite>