<?xml version="1.0" encoding="utf-8"?><testsuite errors="0" failures="0" name="sphinx-gallery" skipped="0" tests="1" time="0.15500259399414062"><testcase classname="tutorial_dqva_mis" file="demonstrations\tutorial_dqva_mis.py" line="1" name="Solving MIS with the DQVA Ansatz" time="0.15500259399414062"></testcase></testsuite>