<?xml version="1.0" encoding="utf-8"?><testsuite errors="0" failures="0" name="sphinx-gallery" skipped="0" tests="1" time="3.518911600112915"><testcase classname="tutorial_CutQC" file="demonstrations/tutorial_CutQC.py" line="1" name="CutQC: Simulating Large Quantum Circuits on a Small Quantum Computer" time="3.518911600112915"></testcase></testsuite>